<?xml version="1.0" encoding="UTF-8"?>
<testsuite name="io.intern.rms.RmsApplicationTests" tests="1" skipped="0" failures="0" errors="0" timestamp="2019-09-19T02:06:13" hostname="LAB-N1695.local" time="0.042">
  <properties/>
  <testcase name="contextLoads" classname="io.intern.rms.RmsApplicationTests" time="0.042"/>
  <system-out><![CDATA[11:06:10.044 [Test worker] DEBUG org.springframework.test.context.junit4.SpringJUnit4ClassRunner - SpringJUnit4ClassRunner constructor called with [class io.intern.rms.RmsApplicationTests]
11:06:10.050 [Test worker] DEBUG org.springframework.test.context.BootstrapUtils - Instantiating CacheAwareContextLoaderDelegate from class [org.springframework.test.context.cache.DefaultCacheAwareContextLoaderDelegate]
11:06:10.057 [Test worker] DEBUG org.springframework.test.context.BootstrapUtils - Instantiating BootstrapContext using constructor [public org.springframework.test.context.support.DefaultBootstrapContext(java.lang.Class,org.springframework.test.context.CacheAwareContextLoaderDelegate)]
11:06:10.072 [Test worker] DEBUG org.springframework.test.context.BootstrapUtils - Instantiating TestContextBootstrapper for test class [io.intern.rms.RmsApplicationTests] from class [org.springframework.boot.test.context.SpringBootTestContextBootstrapper]
11:06:10.082 [Test worker] INFO org.springframework.boot.test.context.SpringBootTestContextBootstrapper - Neither @ContextConfiguration nor @ContextHierarchy found for test class [io.intern.rms.RmsApplicationTests], using SpringBootContextLoader
11:06:10.084 [Test worker] DEBUG org.springframework.test.context.support.AbstractContextLoader - Did not detect default resource location for test class [io.intern.rms.RmsApplicationTests]: class path resource [io/intern/rms/RmsApplicationTests-context.xml] does not exist
11:06:10.085 [Test worker] DEBUG org.springframework.test.context.support.AbstractContextLoader - Did not detect default resource location for test class [io.intern.rms.RmsApplicationTests]: class path resource [io/intern/rms/RmsApplicationTestsContext.groovy] does not exist
11:06:10.085 [Test worker] INFO org.springframework.test.context.support.AbstractContextLoader - Could not detect default resource locations for test class [io.intern.rms.RmsApplicationTests]: no resource found for suffixes {-context.xml, Context.groovy}.
11:06:10.086 [Test worker] INFO org.springframework.test.context.support.AnnotationConfigContextLoaderUtils - Could not detect default configuration classes for test class [io.intern.rms.RmsApplicationTests]: RmsApplicationTests does not declare any static, non-private, non-final, nested classes annotated with @Configuration.
11:06:10.120 [Test worker] DEBUG org.springframework.test.context.support.ActiveProfilesUtils - Could not find an 'annotation declaring class' for annotation type [org.springframework.test.context.ActiveProfiles] and class [io.intern.rms.RmsApplicationTests]
11:06:10.174 [Test worker] DEBUG org.springframework.context.annotation.ClassPathScanningCandidateComponentProvider - Identified candidate component class: file [/Users/higuchisyo/IdeaProjects/rms-intern/build/classes/java/main/io/intern/rms/RmsApplication.class]
11:06:10.176 [Test worker] INFO org.springframework.boot.test.context.SpringBootTestContextBootstrapper - Found @SpringBootConfiguration io.intern.rms.RmsApplication for test class io.intern.rms.RmsApplicationTests
11:06:10.248 [Test worker] DEBUG org.springframework.boot.test.context.SpringBootTestContextBootstrapper - @TestExecutionListeners is not present for class [io.intern.rms.RmsApplicationTests]: using defaults.
11:06:10.249 [Test worker] INFO org.springframework.boot.test.context.SpringBootTestContextBootstrapper - Loaded default TestExecutionListener class names from location [META-INF/spring.factories]: [org.springframework.boot.test.autoconfigure.restdocs.RestDocsTestExecutionListener, org.springframework.boot.test.autoconfigure.web.client.MockRestServiceServerResetTestExecutionListener, org.springframework.boot.test.autoconfigure.web.servlet.MockMvcPrintOnlyOnFailureTestExecutionListener, org.springframework.boot.test.autoconfigure.web.servlet.WebDriverTestExecutionListener, org.springframework.boot.test.mock.mockito.MockitoTestExecutionListener, org.springframework.boot.test.mock.mockito.ResetMocksTestExecutionListener, org.springframework.test.context.web.ServletTestExecutionListener, org.springframework.test.context.support.DirtiesContextBeforeModesTestExecutionListener, org.springframework.test.context.support.DependencyInjectionTestExecutionListener, org.springframework.test.context.support.DirtiesContextTestExecutionListener, org.springframework.test.context.transaction.TransactionalTestExecutionListener, org.springframework.test.context.jdbc.SqlScriptsTestExecutionListener]
11:06:10.263 [Test worker] INFO org.springframework.boot.test.context.SpringBootTestContextBootstrapper - Using TestExecutionListeners: [org.springframework.test.context.web.ServletTestExecutionListener@324c10e8, org.springframework.test.context.support.DirtiesContextBeforeModesTestExecutionListener@472e5b00, org.springframework.boot.test.mock.mockito.MockitoTestExecutionListener@1b21acc8, org.springframework.boot.test.autoconfigure.SpringBootDependencyInjectionTestExecutionListener@5ed3be37, org.springframework.test.context.support.DirtiesContextTestExecutionListener@cca3e55, org.springframework.test.context.transaction.TransactionalTestExecutionListener@39899297, org.springframework.test.context.jdbc.SqlScriptsTestExecutionListener@2fd82e82, org.springframework.boot.test.autoconfigure.restdocs.RestDocsTestExecutionListener@6cb91f48, org.springframework.boot.test.autoconfigure.web.client.MockRestServiceServerResetTestExecutionListener@31dcac1c, org.springframework.boot.test.autoconfigure.web.servlet.MockMvcPrintOnlyOnFailureTestExecutionListener@44348d9a, org.springframework.boot.test.autoconfigure.web.servlet.WebDriverTestExecutionListener@2af617a0, org.springframework.boot.test.mock.mockito.ResetMocksTestExecutionListener@e910ee9]
11:06:10.265 [Test worker] DEBUG org.springframework.test.annotation.ProfileValueUtils - Retrieved @ProfileValueSourceConfiguration [null] for test class [io.intern.rms.RmsApplicationTests]
11:06:10.266 [Test worker] DEBUG org.springframework.test.annotation.ProfileValueUtils - Retrieved ProfileValueSource type [class org.springframework.test.annotation.SystemProfileValueSource] for class [io.intern.rms.RmsApplicationTests]
11:06:10.266 [Test worker] DEBUG org.springframework.test.annotation.ProfileValueUtils - Retrieved @ProfileValueSourceConfiguration [null] for test class [io.intern.rms.RmsApplicationTests]
11:06:10.266 [Test worker] DEBUG org.springframework.test.annotation.ProfileValueUtils - Retrieved ProfileValueSource type [class org.springframework.test.annotation.SystemProfileValueSource] for class [io.intern.rms.RmsApplicationTests]
11:06:10.270 [Test worker] DEBUG org.springframework.test.context.support.AbstractDirtiesContextTestExecutionListener - Before test class: context [DefaultTestContext@68453349 testClass = RmsApplicationTests, testInstance = [null], testMethod = [null], testException = [null], mergedContextConfiguration = [WebMergedContextConfiguration@1aac08cc testClass = RmsApplicationTests, locations = '{}', classes = '{class io.intern.rms.RmsApplication}', contextInitializerClasses = '[]', activeProfiles = '{}', propertySourceLocations = '{}', propertySourceProperties = '{org.springframework.boot.test.context.SpringBootTestContextBootstrapper=true}', contextCustomizers = set[org.springframework.boot.test.autoconfigure.properties.PropertyMappingContextCustomizer@0, org.springframework.boot.test.autoconfigure.web.servlet.WebDriverContextCustomizerFactory$Customizer@25a468e, org.springframework.boot.test.context.filter.ExcludeFilterContextCustomizer@28b2a496, org.springframework.boot.test.json.DuplicateJsonObjectContextCustomizerFactory$DuplicateJsonObjectContextCustomizer@4ee84214, org.springframework.boot.test.mock.mockito.MockitoContextCustomizer@0, org.springframework.boot.test.web.client.TestRestTemplateContextCustomizer@62f93f60], resourceBasePath = 'src/main/webapp', contextLoader = 'org.springframework.boot.test.context.SpringBootContextLoader', parent = [null]], attributes = map['org.springframework.test.context.web.ServletTestExecutionListener.activateListener' -> true]], class annotated with @DirtiesContext [false] with mode [null].
11:06:10.270 [Test worker] DEBUG org.springframework.test.annotation.ProfileValueUtils - Retrieved @ProfileValueSourceConfiguration [null] for test class [io.intern.rms.RmsApplicationTests]
11:06:10.270 [Test worker] DEBUG org.springframework.test.annotation.ProfileValueUtils - Retrieved ProfileValueSource type [class org.springframework.test.annotation.SystemProfileValueSource] for class [io.intern.rms.RmsApplicationTests]
11:06:10.293 [Test worker] DEBUG org.springframework.test.context.support.TestPropertySourceUtils - Adding inlined properties to environment: {spring.jmx.enabled=false, org.springframework.boot.test.context.SpringBootTestContextBootstrapper=true, server.port=-1}

  .   ____          _            __ _ _
 /\\ / ___'_ __ _ _(_)_ __  __ _ \ \ \ \
( ( )\___ | '_ | '_| | '_ \/ _` | \ \ \ \
 \\/  ___)| |_)| | | | | || (_| |  ) ) ) )
  '  |____| .__|_| |_|_| |_\__, | / / / /
 =========|_|==============|___/=/_/_/_/
 :: Spring Boot ::        (v2.1.8.RELEASE)

2019-09-19 11:06:10.784  INFO 19534 --- [    Test worker] io.intern.rms.RmsApplicationTests        : Starting RmsApplicationTests on LAB-N1695.local with PID 19534 (started by higuchisyo in /Users/higuchisyo/IdeaProjects/rms-intern)
2019-09-19 11:06:10.785  INFO 19534 --- [    Test worker] io.intern.rms.RmsApplicationTests        : No active profile set, falling back to default profiles: default
2019-09-19 11:06:11.183  INFO 19534 --- [    Test worker] .s.d.r.c.RepositoryConfigurationDelegate : Bootstrapping Spring Data repositories in DEFAULT mode.
2019-09-19 11:06:11.200  INFO 19534 --- [    Test worker] .s.d.r.c.RepositoryConfigurationDelegate : Finished Spring Data repository scanning in 10ms. Found 0 repository interfaces.
2019-09-19 11:06:11.514  INFO 19534 --- [    Test worker] trationDelegate$BeanPostProcessorChecker : Bean 'org.springframework.transaction.annotation.ProxyTransactionManagementConfiguration' of type [org.springframework.transaction.annotation.ProxyTransactionManagementConfiguration$$EnhancerBySpringCGLIB$$25a289ac] is not eligible for getting processed by all BeanPostProcessors (for example: not eligible for auto-proxying)
2019-09-19 11:06:11.665  INFO 19534 --- [    Test worker] com.zaxxer.hikari.HikariDataSource       : HikariPool-1 - Starting...
2019-09-19 11:06:11.828  INFO 19534 --- [    Test worker] com.zaxxer.hikari.HikariDataSource       : HikariPool-1 - Start completed.
2019-09-19 11:06:11.887  INFO 19534 --- [    Test worker] o.hibernate.jpa.internal.util.LogHelper  : HHH000204: Processing PersistenceUnitInfo [
	name: default
	...]
2019-09-19 11:06:11.931  INFO 19534 --- [    Test worker] org.hibernate.Version                    : HHH000412: Hibernate Core {5.3.11.Final}
2019-09-19 11:06:11.932  INFO 19534 --- [    Test worker] org.hibernate.cfg.Environment            : HHH000206: hibernate.properties not found
2019-09-19 11:06:12.039  INFO 19534 --- [    Test worker] o.hibernate.annotations.common.Version   : HCANN000001: Hibernate Commons Annotations {5.0.4.Final}
2019-09-19 11:06:12.138  INFO 19534 --- [    Test worker] org.hibernate.dialect.Dialect            : HHH000400: Using dialect: org.hibernate.dialect.H2Dialect
2019-09-19 11:06:12.304  INFO 19534 --- [    Test worker] o.h.t.schema.internal.SchemaCreatorImpl  : HHH000476: Executing import script 'org.hibernate.tool.schema.internal.exec.ScriptSourceInputNonExistentImpl@7993cff2'
2019-09-19 11:06:12.306  INFO 19534 --- [    Test worker] j.LocalContainerEntityManagerFactoryBean : Initialized JPA EntityManagerFactory for persistence unit 'default'
2019-09-19 11:06:12.765  INFO 19534 --- [    Test worker] o.s.s.concurrent.ThreadPoolTaskExecutor  : Initializing ExecutorService 'applicationTaskExecutor'
2019-09-19 11:06:12.809  WARN 19534 --- [    Test worker] aWebConfiguration$JpaWebMvcConfiguration : spring.jpa.open-in-view is enabled by default. Therefore, database queries may be performed during view rendering. Explicitly configure spring.jpa.open-in-view to disable this warning
2019-09-19 11:06:13.091  INFO 19534 --- [    Test worker] io.intern.rms.RmsApplicationTests        : Started RmsApplicationTests in 2.79 seconds (JVM running for 3.565)
]]></system-out>
  <system-err><![CDATA[]]></system-err>
</testsuite>
