<?xml version="1.0" encoding="UTF-8"?>
<testsuite name="io.intern.rms.RmsApplicationTests" tests="1" skipped="0" failures="0" errors="0" timestamp="2019-09-20T03:07:14" hostname="LAB-N1695.local" time="0.031">
  <properties/>
  <testcase name="contextLoads" classname="io.intern.rms.RmsApplicationTests" time="0.031"/>
  <system-out><![CDATA[12:07:10.581 [Test worker] DEBUG org.springframework.test.context.junit4.SpringJUnit4ClassRunner - SpringJUnit4ClassRunner constructor called with [class io.intern.rms.RmsApplicationTests]
12:07:10.587 [Test worker] DEBUG org.springframework.test.context.BootstrapUtils - Instantiating CacheAwareContextLoaderDelegate from class [org.springframework.test.context.cache.DefaultCacheAwareContextLoaderDelegate]
12:07:10.593 [Test worker] DEBUG org.springframework.test.context.BootstrapUtils - Instantiating BootstrapContext using constructor [public org.springframework.test.context.support.DefaultBootstrapContext(java.lang.Class,org.springframework.test.context.CacheAwareContextLoaderDelegate)]
12:07:10.607 [Test worker] DEBUG org.springframework.test.context.BootstrapUtils - Instantiating TestContextBootstrapper for test class [io.intern.rms.RmsApplicationTests] from class [org.springframework.boot.test.context.SpringBootTestContextBootstrapper]
12:07:10.616 [Test worker] INFO org.springframework.boot.test.context.SpringBootTestContextBootstrapper - Neither @ContextConfiguration nor @ContextHierarchy found for test class [io.intern.rms.RmsApplicationTests], using SpringBootContextLoader
12:07:10.618 [Test worker] DEBUG org.springframework.test.context.support.AbstractContextLoader - Did not detect default resource location for test class [io.intern.rms.RmsApplicationTests]: class path resource [io/intern/rms/RmsApplicationTests-context.xml] does not exist
12:07:10.618 [Test worker] DEBUG org.springframework.test.context.support.AbstractContextLoader - Did not detect default resource location for test class [io.intern.rms.RmsApplicationTests]: class path resource [io/intern/rms/RmsApplicationTestsContext.groovy] does not exist
12:07:10.618 [Test worker] INFO org.springframework.test.context.support.AbstractContextLoader - Could not detect default resource locations for test class [io.intern.rms.RmsApplicationTests]: no resource found for suffixes {-context.xml, Context.groovy}.
12:07:10.619 [Test worker] INFO org.springframework.test.context.support.AnnotationConfigContextLoaderUtils - Could not detect default configuration classes for test class [io.intern.rms.RmsApplicationTests]: RmsApplicationTests does not declare any static, non-private, non-final, nested classes annotated with @Configuration.
12:07:10.646 [Test worker] DEBUG org.springframework.test.context.support.ActiveProfilesUtils - Could not find an 'annotation declaring class' for annotation type [org.springframework.test.context.ActiveProfiles] and class [io.intern.rms.RmsApplicationTests]
12:07:10.700 [Test worker] DEBUG org.springframework.context.annotation.ClassPathScanningCandidateComponentProvider - Identified candidate component class: file [/Users/higuchisyo/IdeaProjects/rms-intern/build/classes/java/main/io/intern/rms/RmsApplication.class]
12:07:10.702 [Test worker] INFO org.springframework.boot.test.context.SpringBootTestContextBootstrapper - Found @SpringBootConfiguration io.intern.rms.RmsApplication for test class io.intern.rms.RmsApplicationTests
12:07:10.774 [Test worker] DEBUG org.springframework.boot.test.context.SpringBootTestContextBootstrapper - @TestExecutionListeners is not present for class [io.intern.rms.RmsApplicationTests]: using defaults.
12:07:10.775 [Test worker] INFO org.springframework.boot.test.context.SpringBootTestContextBootstrapper - Loaded default TestExecutionListener class names from location [META-INF/spring.factories]: [org.springframework.boot.test.autoconfigure.restdocs.RestDocsTestExecutionListener, org.springframework.boot.test.autoconfigure.web.client.MockRestServiceServerResetTestExecutionListener, org.springframework.boot.test.autoconfigure.web.servlet.MockMvcPrintOnlyOnFailureTestExecutionListener, org.springframework.boot.test.autoconfigure.web.servlet.WebDriverTestExecutionListener, org.springframework.boot.test.mock.mockito.MockitoTestExecutionListener, org.springframework.boot.test.mock.mockito.ResetMocksTestExecutionListener, org.springframework.test.context.web.ServletTestExecutionListener, org.springframework.test.context.support.DirtiesContextBeforeModesTestExecutionListener, org.springframework.test.context.support.DependencyInjectionTestExecutionListener, org.springframework.test.context.support.DirtiesContextTestExecutionListener, org.springframework.test.context.transaction.TransactionalTestExecutionListener, org.springframework.test.context.jdbc.SqlScriptsTestExecutionListener]
12:07:10.787 [Test worker] INFO org.springframework.boot.test.context.SpringBootTestContextBootstrapper - Using TestExecutionListeners: [org.springframework.test.context.web.ServletTestExecutionListener@1ae23b4d, org.springframework.test.context.support.DirtiesContextBeforeModesTestExecutionListener@1392a3d9, org.springframework.boot.test.mock.mockito.MockitoTestExecutionListener@d5fffad, org.springframework.boot.test.autoconfigure.SpringBootDependencyInjectionTestExecutionListener@5c35e7bc, org.springframework.test.context.support.DirtiesContextTestExecutionListener@57868724, org.springframework.test.context.transaction.TransactionalTestExecutionListener@518c7a66, org.springframework.test.context.jdbc.SqlScriptsTestExecutionListener@235c456d, org.springframework.boot.test.autoconfigure.restdocs.RestDocsTestExecutionListener@50a74ebd, org.springframework.boot.test.autoconfigure.web.client.MockRestServiceServerResetTestExecutionListener@33fb4c2a, org.springframework.boot.test.autoconfigure.web.servlet.MockMvcPrintOnlyOnFailureTestExecutionListener@1965f79, org.springframework.boot.test.autoconfigure.web.servlet.WebDriverTestExecutionListener@4020050b, org.springframework.boot.test.mock.mockito.ResetMocksTestExecutionListener@2a186914]
12:07:10.789 [Test worker] DEBUG org.springframework.test.annotation.ProfileValueUtils - Retrieved @ProfileValueSourceConfiguration [null] for test class [io.intern.rms.RmsApplicationTests]
12:07:10.789 [Test worker] DEBUG org.springframework.test.annotation.ProfileValueUtils - Retrieved ProfileValueSource type [class org.springframework.test.annotation.SystemProfileValueSource] for class [io.intern.rms.RmsApplicationTests]
12:07:10.790 [Test worker] DEBUG org.springframework.test.annotation.ProfileValueUtils - Retrieved @ProfileValueSourceConfiguration [null] for test class [io.intern.rms.RmsApplicationTests]
12:07:10.790 [Test worker] DEBUG org.springframework.test.annotation.ProfileValueUtils - Retrieved ProfileValueSource type [class org.springframework.test.annotation.SystemProfileValueSource] for class [io.intern.rms.RmsApplicationTests]
12:07:10.793 [Test worker] DEBUG org.springframework.test.context.support.AbstractDirtiesContextTestExecutionListener - Before test class: context [DefaultTestContext@393f37a4 testClass = RmsApplicationTests, testInstance = [null], testMethod = [null], testException = [null], mergedContextConfiguration = [WebMergedContextConfiguration@431125e1 testClass = RmsApplicationTests, locations = '{}', classes = '{class io.intern.rms.RmsApplication}', contextInitializerClasses = '[]', activeProfiles = '{}', propertySourceLocations = '{}', propertySourceProperties = '{org.springframework.boot.test.context.SpringBootTestContextBootstrapper=true}', contextCustomizers = set[org.springframework.boot.test.autoconfigure.properties.PropertyMappingContextCustomizer@0, org.springframework.boot.test.autoconfigure.web.servlet.WebDriverContextCustomizerFactory$Customizer@447c331, org.springframework.boot.test.context.filter.ExcludeFilterContextCustomizer@58c40c73, org.springframework.boot.test.json.DuplicateJsonObjectContextCustomizerFactory$DuplicateJsonObjectContextCustomizer@c5bf935, org.springframework.boot.test.mock.mockito.MockitoContextCustomizer@0, org.springframework.boot.test.web.client.TestRestTemplateContextCustomizer@3a582b5b], resourceBasePath = 'src/main/webapp', contextLoader = 'org.springframework.boot.test.context.SpringBootContextLoader', parent = [null]], attributes = map['org.springframework.test.context.web.ServletTestExecutionListener.activateListener' -> true]], class annotated with @DirtiesContext [false] with mode [null].
12:07:10.794 [Test worker] DEBUG org.springframework.test.annotation.ProfileValueUtils - Retrieved @ProfileValueSourceConfiguration [null] for test class [io.intern.rms.RmsApplicationTests]
12:07:10.794 [Test worker] DEBUG org.springframework.test.annotation.ProfileValueUtils - Retrieved ProfileValueSource type [class org.springframework.test.annotation.SystemProfileValueSource] for class [io.intern.rms.RmsApplicationTests]
12:07:10.816 [Test worker] DEBUG org.springframework.test.context.support.TestPropertySourceUtils - Adding inlined properties to environment: {spring.jmx.enabled=false, org.springframework.boot.test.context.SpringBootTestContextBootstrapper=true, server.port=-1}

  .   ____          _            __ _ _
 /\\ / ___'_ __ _ _(_)_ __  __ _ \ \ \ \
( ( )\___ | '_ | '_| | '_ \/ _` | \ \ \ \
 \\/  ___)| |_)| | | | | || (_| |  ) ) ) )
  '  |____| .__|_| |_|_| |_\__, | / / / /
 =========|_|==============|___/=/_/_/_/
 :: Spring Boot ::        (v2.1.8.RELEASE)

2019-09-20 12:07:10.970  INFO 3717 --- [    Test worker] io.intern.rms.RmsApplicationTests        : Starting RmsApplicationTests on LAB-N1695.local with PID 3717 (started by higuchisyo in /Users/higuchisyo/IdeaProjects/rms-intern)
2019-09-20 12:07:10.971  INFO 3717 --- [    Test worker] io.intern.rms.RmsApplicationTests        : No active profile set, falling back to default profiles: default
2019-09-20 12:07:11.457  INFO 3717 --- [    Test worker] .s.d.r.c.RepositoryConfigurationDelegate : Bootstrapping Spring Data repositories in DEFAULT mode.
2019-09-20 12:07:11.503  INFO 3717 --- [    Test worker] .s.d.r.c.RepositoryConfigurationDelegate : Finished Spring Data repository scanning in 39ms. Found 1 repository interfaces.
2019-09-20 12:07:11.864  INFO 3717 --- [    Test worker] trationDelegate$BeanPostProcessorChecker : Bean 'org.springframework.transaction.annotation.ProxyTransactionManagementConfiguration' of type [org.springframework.transaction.annotation.ProxyTransactionManagementConfiguration$$EnhancerBySpringCGLIB$$607d5369] is not eligible for getting processed by all BeanPostProcessors (for example: not eligible for auto-proxying)
2019-09-20 12:07:12.048  INFO 3717 --- [    Test worker] com.zaxxer.hikari.HikariDataSource       : HikariPool-1 - Starting...
2019-09-20 12:07:12.629  INFO 3717 --- [    Test worker] com.zaxxer.hikari.HikariDataSource       : HikariPool-1 - Start completed.
2019-09-20 12:07:12.701  INFO 3717 --- [    Test worker] o.hibernate.jpa.internal.util.LogHelper  : HHH000204: Processing PersistenceUnitInfo [
	name: default
	...]
2019-09-20 12:07:12.756  INFO 3717 --- [    Test worker] org.hibernate.Version                    : HHH000412: Hibernate Core {5.3.11.Final}
2019-09-20 12:07:12.757  INFO 3717 --- [    Test worker] org.hibernate.cfg.Environment            : HHH000206: hibernate.properties not found
2019-09-20 12:07:12.875  INFO 3717 --- [    Test worker] o.hibernate.annotations.common.Version   : HCANN000001: Hibernate Commons Annotations {5.0.4.Final}
2019-09-20 12:07:12.980  INFO 3717 --- [    Test worker] org.hibernate.dialect.Dialect            : HHH000400: Using dialect: org.hibernate.dialect.MySQL5Dialect
2019-09-20 12:07:13.591  INFO 3717 --- [    Test worker] o.h.t.schema.internal.SchemaCreatorImpl  : HHH000476: Executing import script 'org.hibernate.tool.schema.internal.exec.ScriptSourceInputNonExistentImpl@e207129'
2019-09-20 12:07:13.592  INFO 3717 --- [    Test worker] j.LocalContainerEntityManagerFactoryBean : Initialized JPA EntityManagerFactory for persistence unit 'default'
2019-09-20 12:07:14.624  INFO 3717 --- [    Test worker] o.s.s.concurrent.ThreadPoolTaskExecutor  : Initializing ExecutorService 'applicationTaskExecutor'
2019-09-20 12:07:14.669  WARN 3717 --- [    Test worker] aWebConfiguration$JpaWebMvcConfiguration : spring.jpa.open-in-view is enabled by default. Therefore, database queries may be performed during view rendering. Explicitly configure spring.jpa.open-in-view to disable this warning
2019-09-20 12:07:14.983  INFO 3717 --- [    Test worker] io.intern.rms.RmsApplicationTests        : Started RmsApplicationTests in 4.161 seconds (JVM running for 4.877)
]]></system-out>
  <system-err><![CDATA[]]></system-err>
</testsuite>
