<?xml version="1.0" encoding="UTF-8"?>
<testsuite name="io.intern.rms.RmsApplicationTests" tests="1" skipped="0" failures="0" errors="0" timestamp="2019-09-27T06:33:56" hostname="LAB-N1695.local" time="0.044">
  <properties/>
  <testcase name="contextLoads" classname="io.intern.rms.RmsApplicationTests" time="0.044"/>
  <system-out><![CDATA[15:33:50.568 [Test worker] DEBUG org.springframework.test.context.junit4.SpringJUnit4ClassRunner - SpringJUnit4ClassRunner constructor called with [class io.intern.rms.RmsApplicationTests]
15:33:50.574 [Test worker] DEBUG org.springframework.test.context.BootstrapUtils - Instantiating CacheAwareContextLoaderDelegate from class [org.springframework.test.context.cache.DefaultCacheAwareContextLoaderDelegate]
15:33:50.581 [Test worker] DEBUG org.springframework.test.context.BootstrapUtils - Instantiating BootstrapContext using constructor [public org.springframework.test.context.support.DefaultBootstrapContext(java.lang.Class,org.springframework.test.context.CacheAwareContextLoaderDelegate)]
15:33:50.596 [Test worker] DEBUG org.springframework.test.context.BootstrapUtils - Instantiating TestContextBootstrapper for test class [io.intern.rms.RmsApplicationTests] from class [org.springframework.boot.test.context.SpringBootTestContextBootstrapper]
15:33:50.609 [Test worker] INFO org.springframework.boot.test.context.SpringBootTestContextBootstrapper - Neither @ContextConfiguration nor @ContextHierarchy found for test class [io.intern.rms.RmsApplicationTests], using SpringBootContextLoader
15:33:50.612 [Test worker] DEBUG org.springframework.test.context.support.AbstractContextLoader - Did not detect default resource location for test class [io.intern.rms.RmsApplicationTests]: class path resource [io/intern/rms/RmsApplicationTests-context.xml] does not exist
15:33:50.612 [Test worker] DEBUG org.springframework.test.context.support.AbstractContextLoader - Did not detect default resource location for test class [io.intern.rms.RmsApplicationTests]: class path resource [io/intern/rms/RmsApplicationTestsContext.groovy] does not exist
15:33:50.612 [Test worker] INFO org.springframework.test.context.support.AbstractContextLoader - Could not detect default resource locations for test class [io.intern.rms.RmsApplicationTests]: no resource found for suffixes {-context.xml, Context.groovy}.
15:33:50.613 [Test worker] INFO org.springframework.test.context.support.AnnotationConfigContextLoaderUtils - Could not detect default configuration classes for test class [io.intern.rms.RmsApplicationTests]: RmsApplicationTests does not declare any static, non-private, non-final, nested classes annotated with @Configuration.
15:33:50.652 [Test worker] DEBUG org.springframework.test.context.support.ActiveProfilesUtils - Could not find an 'annotation declaring class' for annotation type [org.springframework.test.context.ActiveProfiles] and class [io.intern.rms.RmsApplicationTests]
15:33:50.709 [Test worker] DEBUG org.springframework.context.annotation.ClassPathScanningCandidateComponentProvider - Identified candidate component class: file [/Users/higuchisyo/IdeaProjects/rms-intern/build/classes/java/main/io/intern/rms/RmsApplication.class]
15:33:50.711 [Test worker] INFO org.springframework.boot.test.context.SpringBootTestContextBootstrapper - Found @SpringBootConfiguration io.intern.rms.RmsApplication for test class io.intern.rms.RmsApplicationTests
15:33:50.785 [Test worker] DEBUG org.springframework.boot.test.context.SpringBootTestContextBootstrapper - @TestExecutionListeners is not present for class [io.intern.rms.RmsApplicationTests]: using defaults.
15:33:50.786 [Test worker] INFO org.springframework.boot.test.context.SpringBootTestContextBootstrapper - Loaded default TestExecutionListener class names from location [META-INF/spring.factories]: [org.springframework.boot.test.autoconfigure.restdocs.RestDocsTestExecutionListener, org.springframework.boot.test.autoconfigure.web.client.MockRestServiceServerResetTestExecutionListener, org.springframework.boot.test.autoconfigure.web.servlet.MockMvcPrintOnlyOnFailureTestExecutionListener, org.springframework.boot.test.autoconfigure.web.servlet.WebDriverTestExecutionListener, org.springframework.boot.test.mock.mockito.MockitoTestExecutionListener, org.springframework.boot.test.mock.mockito.ResetMocksTestExecutionListener, org.springframework.test.context.web.ServletTestExecutionListener, org.springframework.test.context.support.DirtiesContextBeforeModesTestExecutionListener, org.springframework.test.context.support.DependencyInjectionTestExecutionListener, org.springframework.test.context.support.DirtiesContextTestExecutionListener, org.springframework.test.context.transaction.TransactionalTestExecutionListener, org.springframework.test.context.jdbc.SqlScriptsTestExecutionListener]
15:33:50.800 [Test worker] INFO org.springframework.boot.test.context.SpringBootTestContextBootstrapper - Using TestExecutionListeners: [org.springframework.test.context.web.ServletTestExecutionListener@1ae23b4d, org.springframework.test.context.support.DirtiesContextBeforeModesTestExecutionListener@1392a3d9, org.springframework.boot.test.mock.mockito.MockitoTestExecutionListener@d5fffad, org.springframework.boot.test.autoconfigure.SpringBootDependencyInjectionTestExecutionListener@5c35e7bc, org.springframework.test.context.support.DirtiesContextTestExecutionListener@57868724, org.springframework.test.context.transaction.TransactionalTestExecutionListener@518c7a66, org.springframework.test.context.jdbc.SqlScriptsTestExecutionListener@235c456d, org.springframework.boot.test.autoconfigure.restdocs.RestDocsTestExecutionListener@50a74ebd, org.springframework.boot.test.autoconfigure.web.client.MockRestServiceServerResetTestExecutionListener@33fb4c2a, org.springframework.boot.test.autoconfigure.web.servlet.MockMvcPrintOnlyOnFailureTestExecutionListener@1965f79, org.springframework.boot.test.autoconfigure.web.servlet.WebDriverTestExecutionListener@4020050b, org.springframework.boot.test.mock.mockito.ResetMocksTestExecutionListener@2a186914]
15:33:50.803 [Test worker] DEBUG org.springframework.test.annotation.ProfileValueUtils - Retrieved @ProfileValueSourceConfiguration [null] for test class [io.intern.rms.RmsApplicationTests]
15:33:50.803 [Test worker] DEBUG org.springframework.test.annotation.ProfileValueUtils - Retrieved ProfileValueSource type [class org.springframework.test.annotation.SystemProfileValueSource] for class [io.intern.rms.RmsApplicationTests]
15:33:50.804 [Test worker] DEBUG org.springframework.test.annotation.ProfileValueUtils - Retrieved @ProfileValueSourceConfiguration [null] for test class [io.intern.rms.RmsApplicationTests]
15:33:50.804 [Test worker] DEBUG org.springframework.test.annotation.ProfileValueUtils - Retrieved ProfileValueSource type [class org.springframework.test.annotation.SystemProfileValueSource] for class [io.intern.rms.RmsApplicationTests]
15:33:50.808 [Test worker] DEBUG org.springframework.test.context.support.AbstractDirtiesContextTestExecutionListener - Before test class: context [DefaultTestContext@393f37a4 testClass = RmsApplicationTests, testInstance = [null], testMethod = [null], testException = [null], mergedContextConfiguration = [WebMergedContextConfiguration@431125e1 testClass = RmsApplicationTests, locations = '{}', classes = '{class io.intern.rms.RmsApplication}', contextInitializerClasses = '[]', activeProfiles = '{}', propertySourceLocations = '{}', propertySourceProperties = '{org.springframework.boot.test.context.SpringBootTestContextBootstrapper=true}', contextCustomizers = set[org.springframework.boot.test.autoconfigure.properties.PropertyMappingContextCustomizer@0, org.springframework.boot.test.autoconfigure.web.servlet.WebDriverContextCustomizerFactory$Customizer@447c331, org.springframework.boot.test.context.filter.ExcludeFilterContextCustomizer@58c40c73, org.springframework.boot.test.json.DuplicateJsonObjectContextCustomizerFactory$DuplicateJsonObjectContextCustomizer@c5bf935, org.springframework.boot.test.mock.mockito.MockitoContextCustomizer@0, org.springframework.boot.test.web.client.TestRestTemplateContextCustomizer@3a582b5b], resourceBasePath = 'src/main/webapp', contextLoader = 'org.springframework.boot.test.context.SpringBootContextLoader', parent = [null]], attributes = map['org.springframework.test.context.web.ServletTestExecutionListener.activateListener' -> true]], class annotated with @DirtiesContext [false] with mode [null].
15:33:50.809 [Test worker] DEBUG org.springframework.test.annotation.ProfileValueUtils - Retrieved @ProfileValueSourceConfiguration [null] for test class [io.intern.rms.RmsApplicationTests]
15:33:50.809 [Test worker] DEBUG org.springframework.test.annotation.ProfileValueUtils - Retrieved ProfileValueSource type [class org.springframework.test.annotation.SystemProfileValueSource] for class [io.intern.rms.RmsApplicationTests]
15:33:50.831 [Test worker] DEBUG org.springframework.test.context.support.TestPropertySourceUtils - Adding inlined properties to environment: {spring.jmx.enabled=false, org.springframework.boot.test.context.SpringBootTestContextBootstrapper=true, server.port=-1}

  .   ____          _            __ _ _
 /\\ / ___'_ __ _ _(_)_ __  __ _ \ \ \ \
( ( )\___ | '_ | '_| | '_ \/ _` | \ \ \ \
 \\/  ___)| |_)| | | | | || (_| |  ) ) ) )
  '  |____| .__|_| |_|_| |_\__, | / / / /
 =========|_|==============|___/=/_/_/_/
 :: Spring Boot ::        (v2.1.8.RELEASE)

2019-09-27 15:33:51.593  INFO 15424 --- [    Test worker] io.intern.rms.RmsApplicationTests        : Starting RmsApplicationTests on LAB-N1695.local with PID 15424 (started by higuchisyo in /Users/higuchisyo/IdeaProjects/rms-intern)
2019-09-27 15:33:51.594  INFO 15424 --- [    Test worker] io.intern.rms.RmsApplicationTests        : No active profile set, falling back to default profiles: default
2019-09-27 15:33:52.043  INFO 15424 --- [    Test worker] .s.d.r.c.RepositoryConfigurationDelegate : Bootstrapping Spring Data repositories in DEFAULT mode.
2019-09-27 15:33:52.108  INFO 15424 --- [    Test worker] .s.d.r.c.RepositoryConfigurationDelegate : Finished Spring Data repository scanning in 59ms. Found 4 repository interfaces.
2019-09-27 15:33:52.437  INFO 15424 --- [    Test worker] trationDelegate$BeanPostProcessorChecker : Bean 'org.springframework.transaction.annotation.ProxyTransactionManagementConfiguration' of type [org.springframework.transaction.annotation.ProxyTransactionManagementConfiguration$$EnhancerBySpringCGLIB$$ad0ee1b8] is not eligible for getting processed by all BeanPostProcessors (for example: not eligible for auto-proxying)
2019-09-27 15:33:52.598  INFO 15424 --- [    Test worker] com.zaxxer.hikari.HikariDataSource       : HikariPool-1 - Starting...
2019-09-27 15:33:53.422  INFO 15424 --- [    Test worker] com.zaxxer.hikari.HikariDataSource       : HikariPool-1 - Start completed.
2019-09-27 15:33:53.482  INFO 15424 --- [    Test worker] o.hibernate.jpa.internal.util.LogHelper  : HHH000204: Processing PersistenceUnitInfo [
	name: default
	...]
2019-09-27 15:33:53.528  INFO 15424 --- [    Test worker] org.hibernate.Version                    : HHH000412: Hibernate Core {5.3.11.Final}
2019-09-27 15:33:53.529  INFO 15424 --- [    Test worker] org.hibernate.cfg.Environment            : HHH000206: hibernate.properties not found
2019-09-27 15:33:53.646  INFO 15424 --- [    Test worker] o.hibernate.annotations.common.Version   : HCANN000001: Hibernate Commons Annotations {5.0.4.Final}
2019-09-27 15:33:53.752  INFO 15424 --- [    Test worker] org.hibernate.dialect.Dialect            : HHH000400: Using dialect: org.hibernate.dialect.MySQL5Dialect
2019-09-27 15:33:55.120  INFO 15424 --- [    Test worker] j.LocalContainerEntityManagerFactoryBean : Initialized JPA EntityManagerFactory for persistence unit 'default'
2019-09-27 15:33:56.036  INFO 15424 --- [    Test worker] o.s.s.concurrent.ThreadPoolTaskExecutor  : Initializing ExecutorService 'applicationTaskExecutor'
2019-09-27 15:33:56.082  WARN 15424 --- [    Test worker] aWebConfiguration$JpaWebMvcConfiguration : spring.jpa.open-in-view is enabled by default. Therefore, database queries may be performed during view rendering. Explicitly configure spring.jpa.open-in-view to disable this warning
2019-09-27 15:33:56.238  WARN 15424 --- [    Test worker] ion$DefaultTemplateResolverConfiguration : Cannot find template location: classpath:/templates/ (please add some templates or check your Thymeleaf configuration)
2019-09-27 15:33:56.470  INFO 15424 --- [    Test worker] io.intern.rms.RmsApplicationTests        : Started RmsApplicationTests in 5.631 seconds (JVM running for 6.471)
]]></system-out>
  <system-err><![CDATA[]]></system-err>
</testsuite>
