<?xml version="1.0" encoding="UTF-8"?>
<testsuite name="io.intern.rms.RmsApplicationTests" tests="1" skipped="0" failures="0" errors="0" timestamp="2019-09-19T01:44:15" hostname="LAB-N1695.local" time="0.041">
  <properties/>
  <testcase name="contextLoads" classname="io.intern.rms.RmsApplicationTests" time="0.041"/>
  <system-out><![CDATA[10:44:12.047 [Test worker] DEBUG org.springframework.test.context.junit4.SpringJUnit4ClassRunner - SpringJUnit4ClassRunner constructor called with [class io.intern.rms.RmsApplicationTests]
10:44:12.054 [Test worker] DEBUG org.springframework.test.context.BootstrapUtils - Instantiating CacheAwareContextLoaderDelegate from class [org.springframework.test.context.cache.DefaultCacheAwareContextLoaderDelegate]
10:44:12.060 [Test worker] DEBUG org.springframework.test.context.BootstrapUtils - Instantiating BootstrapContext using constructor [public org.springframework.test.context.support.DefaultBootstrapContext(java.lang.Class,org.springframework.test.context.CacheAwareContextLoaderDelegate)]
10:44:12.076 [Test worker] DEBUG org.springframework.test.context.BootstrapUtils - Instantiating TestContextBootstrapper for test class [io.intern.rms.RmsApplicationTests] from class [org.springframework.boot.test.context.SpringBootTestContextBootstrapper]
10:44:12.085 [Test worker] INFO org.springframework.boot.test.context.SpringBootTestContextBootstrapper - Neither @ContextConfiguration nor @ContextHierarchy found for test class [io.intern.rms.RmsApplicationTests], using SpringBootContextLoader
10:44:12.088 [Test worker] DEBUG org.springframework.test.context.support.AbstractContextLoader - Did not detect default resource location for test class [io.intern.rms.RmsApplicationTests]: class path resource [io/intern/rms/RmsApplicationTests-context.xml] does not exist
10:44:12.088 [Test worker] DEBUG org.springframework.test.context.support.AbstractContextLoader - Did not detect default resource location for test class [io.intern.rms.RmsApplicationTests]: class path resource [io/intern/rms/RmsApplicationTestsContext.groovy] does not exist
10:44:12.088 [Test worker] INFO org.springframework.test.context.support.AbstractContextLoader - Could not detect default resource locations for test class [io.intern.rms.RmsApplicationTests]: no resource found for suffixes {-context.xml, Context.groovy}.
10:44:12.089 [Test worker] INFO org.springframework.test.context.support.AnnotationConfigContextLoaderUtils - Could not detect default configuration classes for test class [io.intern.rms.RmsApplicationTests]: RmsApplicationTests does not declare any static, non-private, non-final, nested classes annotated with @Configuration.
10:44:12.123 [Test worker] DEBUG org.springframework.test.context.support.ActiveProfilesUtils - Could not find an 'annotation declaring class' for annotation type [org.springframework.test.context.ActiveProfiles] and class [io.intern.rms.RmsApplicationTests]
10:44:12.178 [Test worker] DEBUG org.springframework.context.annotation.ClassPathScanningCandidateComponentProvider - Identified candidate component class: file [/Users/higuchisyo/IdeaProjects/rms-intern/build/classes/java/main/io/intern/rms/RmsApplication.class]
10:44:12.179 [Test worker] INFO org.springframework.boot.test.context.SpringBootTestContextBootstrapper - Found @SpringBootConfiguration io.intern.rms.RmsApplication for test class io.intern.rms.RmsApplicationTests
10:44:12.252 [Test worker] DEBUG org.springframework.boot.test.context.SpringBootTestContextBootstrapper - @TestExecutionListeners is not present for class [io.intern.rms.RmsApplicationTests]: using defaults.
10:44:12.253 [Test worker] INFO org.springframework.boot.test.context.SpringBootTestContextBootstrapper - Loaded default TestExecutionListener class names from location [META-INF/spring.factories]: [org.springframework.boot.test.autoconfigure.restdocs.RestDocsTestExecutionListener, org.springframework.boot.test.autoconfigure.web.client.MockRestServiceServerResetTestExecutionListener, org.springframework.boot.test.autoconfigure.web.servlet.MockMvcPrintOnlyOnFailureTestExecutionListener, org.springframework.boot.test.autoconfigure.web.servlet.WebDriverTestExecutionListener, org.springframework.boot.test.mock.mockito.MockitoTestExecutionListener, org.springframework.boot.test.mock.mockito.ResetMocksTestExecutionListener, org.springframework.test.context.web.ServletTestExecutionListener, org.springframework.test.context.support.DirtiesContextBeforeModesTestExecutionListener, org.springframework.test.context.support.DependencyInjectionTestExecutionListener, org.springframework.test.context.support.DirtiesContextTestExecutionListener, org.springframework.test.context.transaction.TransactionalTestExecutionListener, org.springframework.test.context.jdbc.SqlScriptsTestExecutionListener]
10:44:12.267 [Test worker] INFO org.springframework.boot.test.context.SpringBootTestContextBootstrapper - Using TestExecutionListeners: [org.springframework.test.context.web.ServletTestExecutionListener@79b72193, org.springframework.test.context.support.DirtiesContextBeforeModesTestExecutionListener@2038ddf7, org.springframework.boot.test.mock.mockito.MockitoTestExecutionListener@63f02534, org.springframework.boot.test.autoconfigure.SpringBootDependencyInjectionTestExecutionListener@78bd20d9, org.springframework.test.context.support.DirtiesContextTestExecutionListener@38462de4, org.springframework.test.context.transaction.TransactionalTestExecutionListener@5ef7987e, org.springframework.test.context.jdbc.SqlScriptsTestExecutionListener@3c4ccf11, org.springframework.boot.test.autoconfigure.restdocs.RestDocsTestExecutionListener@2d669ba9, org.springframework.boot.test.autoconfigure.web.client.MockRestServiceServerResetTestExecutionListener@2446aaec, org.springframework.boot.test.autoconfigure.web.servlet.MockMvcPrintOnlyOnFailureTestExecutionListener@4690e272, org.springframework.boot.test.autoconfigure.web.servlet.WebDriverTestExecutionListener@1cfe99f6, org.springframework.boot.test.mock.mockito.ResetMocksTestExecutionListener@5dcf213]
10:44:12.269 [Test worker] DEBUG org.springframework.test.annotation.ProfileValueUtils - Retrieved @ProfileValueSourceConfiguration [null] for test class [io.intern.rms.RmsApplicationTests]
10:44:12.270 [Test worker] DEBUG org.springframework.test.annotation.ProfileValueUtils - Retrieved ProfileValueSource type [class org.springframework.test.annotation.SystemProfileValueSource] for class [io.intern.rms.RmsApplicationTests]
10:44:12.270 [Test worker] DEBUG org.springframework.test.annotation.ProfileValueUtils - Retrieved @ProfileValueSourceConfiguration [null] for test class [io.intern.rms.RmsApplicationTests]
10:44:12.270 [Test worker] DEBUG org.springframework.test.annotation.ProfileValueUtils - Retrieved ProfileValueSource type [class org.springframework.test.annotation.SystemProfileValueSource] for class [io.intern.rms.RmsApplicationTests]
10:44:12.274 [Test worker] DEBUG org.springframework.test.context.support.AbstractDirtiesContextTestExecutionListener - Before test class: context [DefaultTestContext@57093688 testClass = RmsApplicationTests, testInstance = [null], testMethod = [null], testException = [null], mergedContextConfiguration = [WebMergedContextConfiguration@2554cc9d testClass = RmsApplicationTests, locations = '{}', classes = '{class io.intern.rms.RmsApplication}', contextInitializerClasses = '[]', activeProfiles = '{}', propertySourceLocations = '{}', propertySourceProperties = '{org.springframework.boot.test.context.SpringBootTestContextBootstrapper=true}', contextCustomizers = set[org.springframework.boot.test.autoconfigure.properties.PropertyMappingContextCustomizer@0, org.springframework.boot.test.autoconfigure.web.servlet.WebDriverContextCustomizerFactory$Customizer@313a0fb1, org.springframework.boot.test.context.filter.ExcludeFilterContextCustomizer@6e5c0c68, org.springframework.boot.test.json.DuplicateJsonObjectContextCustomizerFactory$DuplicateJsonObjectContextCustomizer@50722fac, org.springframework.boot.test.mock.mockito.MockitoContextCustomizer@0, org.springframework.boot.test.web.client.TestRestTemplateContextCustomizer@4f2e596a], resourceBasePath = 'src/main/webapp', contextLoader = 'org.springframework.boot.test.context.SpringBootContextLoader', parent = [null]], attributes = map['org.springframework.test.context.web.ServletTestExecutionListener.activateListener' -> true]], class annotated with @DirtiesContext [false] with mode [null].
10:44:12.275 [Test worker] DEBUG org.springframework.test.annotation.ProfileValueUtils - Retrieved @ProfileValueSourceConfiguration [null] for test class [io.intern.rms.RmsApplicationTests]
10:44:12.275 [Test worker] DEBUG org.springframework.test.annotation.ProfileValueUtils - Retrieved ProfileValueSource type [class org.springframework.test.annotation.SystemProfileValueSource] for class [io.intern.rms.RmsApplicationTests]
10:44:12.296 [Test worker] DEBUG org.springframework.test.context.support.TestPropertySourceUtils - Adding inlined properties to environment: {spring.jmx.enabled=false, org.springframework.boot.test.context.SpringBootTestContextBootstrapper=true, server.port=-1}

  .   ____          _            __ _ _
 /\\ / ___'_ __ _ _(_)_ __  __ _ \ \ \ \
( ( )\___ | '_ | '_| | '_ \/ _` | \ \ \ \
 \\/  ___)| |_)| | | | | || (_| |  ) ) ) )
  '  |____| .__|_| |_|_| |_\__, | / / / /
 =========|_|==============|___/=/_/_/_/
 :: Spring Boot ::        (v2.1.8.RELEASE)

2019-09-19 10:44:12.871  INFO 19173 --- [    Test worker] io.intern.rms.RmsApplicationTests        : Starting RmsApplicationTests on LAB-N1695.local with PID 19173 (started by higuchisyo in /Users/higuchisyo/IdeaProjects/rms-intern)
2019-09-19 10:44:12.872  INFO 19173 --- [    Test worker] io.intern.rms.RmsApplicationTests        : No active profile set, falling back to default profiles: default
2019-09-19 10:44:13.250  INFO 19173 --- [    Test worker] .s.d.r.c.RepositoryConfigurationDelegate : Bootstrapping Spring Data repositories in DEFAULT mode.
2019-09-19 10:44:13.267  INFO 19173 --- [    Test worker] .s.d.r.c.RepositoryConfigurationDelegate : Finished Spring Data repository scanning in 11ms. Found 0 repository interfaces.
2019-09-19 10:44:13.582  INFO 19173 --- [    Test worker] trationDelegate$BeanPostProcessorChecker : Bean 'org.springframework.transaction.annotation.ProxyTransactionManagementConfiguration' of type [org.springframework.transaction.annotation.ProxyTransactionManagementConfiguration$$EnhancerBySpringCGLIB$$da88e682] is not eligible for getting processed by all BeanPostProcessors (for example: not eligible for auto-proxying)
2019-09-19 10:44:13.726  INFO 19173 --- [    Test worker] com.zaxxer.hikari.HikariDataSource       : HikariPool-1 - Starting...
2019-09-19 10:44:13.903  INFO 19173 --- [    Test worker] com.zaxxer.hikari.HikariDataSource       : HikariPool-1 - Start completed.
2019-09-19 10:44:13.962  INFO 19173 --- [    Test worker] o.hibernate.jpa.internal.util.LogHelper  : HHH000204: Processing PersistenceUnitInfo [
	name: default
	...]
2019-09-19 10:44:14.004  INFO 19173 --- [    Test worker] org.hibernate.Version                    : HHH000412: Hibernate Core {5.3.11.Final}
2019-09-19 10:44:14.005  INFO 19173 --- [    Test worker] org.hibernate.cfg.Environment            : HHH000206: hibernate.properties not found
2019-09-19 10:44:14.112  INFO 19173 --- [    Test worker] o.hibernate.annotations.common.Version   : HCANN000001: Hibernate Commons Annotations {5.0.4.Final}
2019-09-19 10:44:14.206  INFO 19173 --- [    Test worker] org.hibernate.dialect.Dialect            : HHH000400: Using dialect: org.hibernate.dialect.H2Dialect
2019-09-19 10:44:14.367  INFO 19173 --- [    Test worker] o.h.t.schema.internal.SchemaCreatorImpl  : HHH000476: Executing import script 'org.hibernate.tool.schema.internal.exec.ScriptSourceInputNonExistentImpl@f5e790c'
2019-09-19 10:44:14.370  INFO 19173 --- [    Test worker] j.LocalContainerEntityManagerFactoryBean : Initialized JPA EntityManagerFactory for persistence unit 'default'
2019-09-19 10:44:14.853  INFO 19173 --- [    Test worker] o.s.s.concurrent.ThreadPoolTaskExecutor  : Initializing ExecutorService 'applicationTaskExecutor'
2019-09-19 10:44:14.896  WARN 19173 --- [    Test worker] aWebConfiguration$JpaWebMvcConfiguration : spring.jpa.open-in-view is enabled by default. Therefore, database queries may be performed during view rendering. Explicitly configure spring.jpa.open-in-view to disable this warning
2019-09-19 10:44:15.203  INFO 19173 --- [    Test worker] io.intern.rms.RmsApplicationTests        : Started RmsApplicationTests in 2.899 seconds (JVM running for 3.646)
]]></system-out>
  <system-err><![CDATA[]]></system-err>
</testsuite>
